Ansys Lumerical 2023 R2.3 FDTD Solver Version 8.30.3578 (Windows 64bit)
 expires (month/day/year): 10/26/2024
using config file: Ansys Licensing set with ANSYSLMD_LICENSE_FILE
license host: 1055@lumericallm.bu.edu
current time: Mon Jan 15 21:35:56 2024
Running on host: DESKTOP-H3G9VG3
host available memory (GB): 20.957405
All processes are communicating and ready to proceed to simulation...
Running fsp file: C:\Program Files\Lumerical\v232\bin\fdtd-engine-msmpi.exe -t 1 -remote -shared-solve-license QU5TWVNfTElDRU5TSU5HX0NPTlRFWFRfREFUQT08QU5TWVNfTElDRU5TSU5HX0NPTlRFWFRfREFUQT48SUQ+ZTA0ZTU1Y2EtYzMxYy00MmNmLWIzMTEtYTUyM2Q0ZmY1YjEwPC9JRD48VFlQRT5BUFBfREVGSU5FRDwvVFlQRT48TkFNRT5sdW1fc3RhbmRhcmRfc29sdmVfc2hhcmU8L05BTUU+PEhBTkRMRVI+NjA0NDBAREVTS1RPUC1IM0c5VkczPC9IQU5ETEVSPjwvQU5TWVNfTElDRU5TSU5HX0NPTlRFWFRfREFUQT4K C:/Users/nicol/OneDrive/Desktop/Research/metasurface-optimizer/metasurface-optimizer/LumericalScripts/Lx_1Ly_1.fsp
number of processors is 4
processors are distributed as: 2x1x2
Running 3D Simulation
Starting meshing
Simulation size in gridpoints: 62 x 62 x 69
Refined 0 mesh cells (0%)
Completed meshing!
Meshing complete in 0.359375 seconds of CPU time
13760 13760
Starting meshing
Simulation size in gridpoints: 62 x 62 x 69
Refined 0 mesh cells (0%)
Completed meshing!
Meshing complete in 0.359375 seconds of CPU time
28048 28048
Starting meshing
Simulation size in gridpoints: 62 x 62 x 69
Refined 0 mesh cells (0%)
Completed meshing!
Meshing complete in 0.34375 seconds of CPU time
23824 23824
finished material properties
Meshing Time: 1.07752 seconds, Init Electrical Material Time: 0.0976551 seconds, Init Magnetic Material Time: 0.0010483
Using selected optimization level: 2
Selecting 3d kernel for splitFieldDirection=0 and optLevel=2
-----------------------------------------
Beginning initialization of 3D Simulation
Starting to add sources to simulation
Adding 3D Gaussian source propagating in Z
Starting to add boundary conditions to simulation
Adding 3D Parallel bloch BC
Adding 3D Parallel BC
Adding 3D Symmetric BC
Adding 3D Symmetric BC
Adding 3D metal BC
Adding 3D Parallel BC
Starting to add monitors to Simulation
Adding analysis monitor
Adding 3D DFT monitor
Adding 3D DFT monitor
Finished initialization of 3D Simulation
-----------------------------------------
All processes are communicating and ready to proceed to simulation...
Starting 125880 total iterations
0.0381315% complete. Elapsed simulation time: 4.57578e-16 secs. Max time remaining: 36 mins, 3 secs. Auto Shutoff: 1
1.05497% complete. Elapsed simulation time: 1.26597e-14 secs. Max time remaining: 34 mins, 57 secs. Auto Shutoff: 1
2.07181% complete. Elapsed simulation time: 2.48617e-14 secs. Max time remaining: 34 mins, 45 secs. Auto Shutoff: 1
3.08865% complete. Elapsed simulation time: 3.70638e-14 secs. Max time remaining: 34 mins, 48 secs. Auto Shutoff: 1
4.10549% complete. Elapsed simulation time: 4.92659e-14 secs. Max time remaining: 34 mins, 25 secs. Auto Shutoff: 1
5.12233% complete. Elapsed simulation time: 6.1468e-14 secs. Max time remaining: 34 mins, 6 secs. Auto Shutoff: 0.798315
6.13917% complete. Elapsed simulation time: 7.36701e-14 secs. Max time remaining: 33 mins, 51 secs. Auto Shutoff: 0.497354
7.15601% complete. Elapsed simulation time: 8.58721e-14 secs. Max time remaining: 33 mins, 34 secs. Auto Shutoff: 0.0474072
8.17285% complete. Elapsed simulation time: 9.80742e-14 secs. Max time remaining: 33 mins, 3 secs. Auto Shutoff: 0.00942191
9.18969% complete. Elapsed simulation time: 1.10276e-13 secs. Max time remaining: 32 mins, 35 secs. Auto Shutoff: 0.00296305
10.2065% complete. Elapsed simulation time: 1.22478e-13 secs. Max time remaining: 32 mins, 12 secs. Auto Shutoff: 0.0013462
11.2234% complete. Elapsed simulation time: 1.3468e-13 secs. Max time remaining: 31 mins, 48 secs. Auto Shutoff: 0.00084333
12.2402% complete. Elapsed simulation time: 1.46883e-13 secs. Max time remaining: 31 mins, 23 secs. Auto Shutoff: 0.000633776
13.2571% complete. Elapsed simulation time: 1.59085e-13 secs. Max time remaining: 30 mins, 59 secs. Auto Shutoff: 0.000494038
14.2739% complete. Elapsed simulation time: 1.71287e-13 secs. Max time remaining: 30 mins, 35 secs. Auto Shutoff: 0.000395207
15.2907% complete. Elapsed simulation time: 1.83489e-13 secs. Max time remaining: 30 mins, 11 secs. Auto Shutoff: 0.000336698
16.3076% complete. Elapsed simulation time: 1.95691e-13 secs. Max time remaining: 29 mins, 49 secs. Auto Shutoff: 0.000285485
17.3244% complete. Elapsed simulation time: 2.07893e-13 secs. Max time remaining: 29 mins, 25 secs. Auto Shutoff: 0.000252351
18.3413% complete. Elapsed simulation time: 2.20095e-13 secs. Max time remaining: 29 mins, 3 secs. Auto Shutoff: 0.000228357
19.3581% complete. Elapsed simulation time: 2.32297e-13 secs. Max time remaining: 28 mins, 41 secs. Auto Shutoff: 0.000211419
20.3749% complete. Elapsed simulation time: 2.44499e-13 secs. Max time remaining: 28 mins, 18 secs. Auto Shutoff: 0.000199254
21.3918% complete. Elapsed simulation time: 2.56701e-13 secs. Max time remaining: 27 mins, 55 secs. Auto Shutoff: 0.000192125
22.4086% complete. Elapsed simulation time: 2.68903e-13 secs. Max time remaining: 27 mins, 32 secs. Auto Shutoff: 0.000187201
23.4254% complete. Elapsed simulation time: 2.81105e-13 secs. Max time remaining: 27 mins, 10 secs. Auto Shutoff: 0.000184315
24.4423% complete. Elapsed simulation time: 2.93307e-13 secs. Max time remaining: 26 mins, 48 secs. Auto Shutoff: 0.000183086
25.4591% complete. Elapsed simulation time: 3.0551e-13 secs. Max time remaining: 26 mins, 26 secs. Auto Shutoff: 0.00018229
26.476% complete. Elapsed simulation time: 3.17712e-13 secs. Max time remaining: 26 mins, 3 secs. Auto Shutoff: 0.000182048
27.4928% complete. Elapsed simulation time: 3.29914e-13 secs. Max time remaining: 25 mins, 41 secs. Auto Shutoff: 0.000181645
28.5096% complete. Elapsed simulation time: 3.42116e-13 secs. Max time remaining: 25 mins, 18 secs. Auto Shutoff: 0.000181116
29.5265% complete. Elapsed simulation time: 3.54318e-13 secs. Max time remaining: 24 mins, 56 secs. Auto Shutoff: 0.000180075
30.5433% complete. Elapsed simulation time: 3.6652e-13 secs. Max time remaining: 24 mins, 34 secs. Auto Shutoff: 0.000178714
31.5602% complete. Elapsed simulation time: 3.78722e-13 secs. Max time remaining: 24 mins, 12 secs. Auto Shutoff: 0.000176677
32.577% complete. Elapsed simulation time: 3.90924e-13 secs. Max time remaining: 23 mins, 49 secs. Auto Shutoff: 0.000174091
33.5938% complete. Elapsed simulation time: 4.03126e-13 secs. Max time remaining: 23 mins, 27 secs. Auto Shutoff: 0.000171248
34.6107% complete. Elapsed simulation time: 4.15328e-13 secs. Max time remaining: 23 mins, 5 secs. Auto Shutoff: 0.000167726
35.6275% complete. Elapsed simulation time: 4.2753e-13 secs. Max time remaining: 22 mins, 43 secs. Auto Shutoff: 0.000163862
36.6444% complete. Elapsed simulation time: 4.39732e-13 secs. Max time remaining: 22 mins, 21 secs. Auto Shutoff: 0.000160059
37.6612% complete. Elapsed simulation time: 4.51935e-13 secs. Max time remaining: 21 mins, 58 secs. Auto Shutoff: 0.000155802
38.678% complete. Elapsed simulation time: 4.64137e-13 secs. Max time remaining: 21 mins, 36 secs. Auto Shutoff: 0.000151503
39.6949% complete. Elapsed simulation time: 4.76339e-13 secs. Max time remaining: 21 mins, 15 secs. Auto Shutoff: 0.000147603
40.7117% complete. Elapsed simulation time: 4.88541e-13 secs. Max time remaining: 20 mins, 53 secs. Auto Shutoff: 0.00014355
41.7286% complete. Elapsed simulation time: 5.00743e-13 secs. Max time remaining: 20 mins, 31 secs. Auto Shutoff: 0.000139753
42.7454% complete. Elapsed simulation time: 5.12945e-13 secs. Max time remaining: 20 mins, 10 secs. Auto Shutoff: 0.000136547
43.7622% complete. Elapsed simulation time: 5.25147e-13 secs. Max time remaining: 19 mins, 48 secs. Auto Shutoff: 0.00013345
44.7791% complete. Elapsed simulation time: 5.37349e-13 secs. Max time remaining: 19 mins, 26 secs. Auto Shutoff: 0.000130801
45.7959% complete. Elapsed simulation time: 5.49551e-13 secs. Max time remaining: 19 mins, 4 secs. Auto Shutoff: 0.000128615
46.8128% complete. Elapsed simulation time: 5.61753e-13 secs. Max time remaining: 18 mins, 43 secs. Auto Shutoff: 0.000127015
47.8296% complete. Elapsed simulation time: 5.73955e-13 secs. Max time remaining: 18 mins, 21 secs. Auto Shutoff: 0.000125726
48.8464% complete. Elapsed simulation time: 5.86157e-13 secs. Max time remaining: 17 mins, 60 secs. Auto Shutoff: 0.000124884
49.8887% complete. Elapsed simulation time: 5.98665e-13 secs. Max time remaining: 17 mins, 43 secs. Auto Shutoff: 0.00012445
50.9055% complete. Elapsed simulation time: 6.10867e-13 secs. Max time remaining: 17 mins, 21 secs. Auto Shutoff: 0.000124364
51.9224% complete. Elapsed simulation time: 6.23069e-13 secs. Max time remaining: 16 mins, 59 secs. Auto Shutoff: 0.000124558
52.9392% complete. Elapsed simulation time: 6.35271e-13 secs. Max time remaining: 16 mins, 38 secs. Auto Shutoff: 0.000124998
53.9561% complete. Elapsed simulation time: 6.47473e-13 secs. Max time remaining: 16 mins, 16 secs. Auto Shutoff: 0.00012556
54.9729% complete. Elapsed simulation time: 6.59675e-13 secs. Max time remaining: 15 mins, 54 secs. Auto Shutoff: 0.000126274
55.9897% complete. Elapsed simulation time: 6.71877e-13 secs. Max time remaining: 15 mins, 32 secs. Auto Shutoff: 0.000127025
57.0066% complete. Elapsed simulation time: 6.84079e-13 secs. Max time remaining: 15 mins, 11 secs. Auto Shutoff: 0.000127704
58.0234% complete. Elapsed simulation time: 6.96281e-13 secs. Max time remaining: 14 mins, 49 secs. Auto Shutoff: 0.000128368
59.0403% complete. Elapsed simulation time: 7.08483e-13 secs. Max time remaining: 14 mins, 28 secs. Auto Shutoff: 0.000128906
60.0571% complete. Elapsed simulation time: 7.20685e-13 secs. Max time remaining: 14 mins, 6 secs. Auto Shutoff: 0.000129248
61.0739% complete. Elapsed simulation time: 7.32887e-13 secs. Max time remaining: 13 mins, 44 secs. Auto Shutoff: 0.000129417
62.0908% complete. Elapsed simulation time: 7.45089e-13 secs. Max time remaining: 13 mins, 23 secs. Auto Shutoff: 0.000129361
63.1076% complete. Elapsed simulation time: 7.57292e-13 secs. Max time remaining: 13 mins, 1 secs. Auto Shutoff: 0.000129091
64.1245% complete. Elapsed simulation time: 7.69494e-13 secs. Max time remaining: 12 mins, 40 secs. Auto Shutoff: 0.000128556
65.1413% complete. Elapsed simulation time: 7.81696e-13 secs. Max time remaining: 12 mins, 18 secs. Auto Shutoff: 0.000127764
66.1581% complete. Elapsed simulation time: 7.93898e-13 secs. Max time remaining: 11 mins, 57 secs. Auto Shutoff: 0.00012682
67.175% complete. Elapsed simulation time: 8.061e-13 secs. Max time remaining: 11 mins, 35 secs. Auto Shutoff: 0.000125581
68.1918% complete. Elapsed simulation time: 8.18302e-13 secs. Max time remaining: 11 mins, 14 secs. Auto Shutoff: 0.000124139
69.2087% complete. Elapsed simulation time: 8.30504e-13 secs. Max time remaining: 10 mins, 52 secs. Auto Shutoff: 0.000122648
70.2255% complete. Elapsed simulation time: 8.42706e-13 secs. Max time remaining: 10 mins, 31 secs. Auto Shutoff: 0.000120886
71.2423% complete. Elapsed simulation time: 8.54908e-13 secs. Max time remaining: 10 mins, 9 secs. Auto Shutoff: 0.000119013
72.2592% complete. Elapsed simulation time: 8.6711e-13 secs. Max time remaining: 9 mins, 47 secs. Auto Shutoff: 0.000117209
73.276% complete. Elapsed simulation time: 8.79312e-13 secs. Max time remaining: 9 mins, 26 secs. Auto Shutoff: 0.000115205
74.2929% complete. Elapsed simulation time: 8.91514e-13 secs. Max time remaining: 9 mins, 4 secs. Auto Shutoff: 0.000113173
75.3097% complete. Elapsed simulation time: 9.03716e-13 secs. Max time remaining: 8 mins, 43 secs. Auto Shutoff: 0.000111306
76.3265% complete. Elapsed simulation time: 9.15919e-13 secs. Max time remaining: 8 mins, 21 secs. Auto Shutoff: 0.000109315
77.3434% complete. Elapsed simulation time: 9.28121e-13 secs. Max time remaining: 7 mins, 59 secs. Auto Shutoff: 0.000107376
78.3602% complete. Elapsed simulation time: 9.40323e-13 secs. Max time remaining: 7 mins, 38 secs. Auto Shutoff: 0.000105646
79.3771% complete. Elapsed simulation time: 9.52525e-13 secs. Max time remaining: 7 mins, 16 secs. Auto Shutoff: 0.000103849
80.3939% complete. Elapsed simulation time: 9.64727e-13 secs. Max time remaining: 6 mins, 55 secs. Auto Shutoff: 0.00010215
81.4107% complete. Elapsed simulation time: 9.76929e-13 secs. Max time remaining: 6 mins, 33 secs. Auto Shutoff: 0.00010067
100% complete. Max time remaining: 0 mins, 0 secs. Auto Shutoff: 9.9961e-05
Early termination of simulation, the autoshutoff criteria are satisfied.
Completed 102997 iterations, or 9.818575e-13s of Simulation Time
Process 0 starting to collect data
    collecting monitor data
    collecting source data
Finished collecting data
Simulation completed successfully at: Mon Jan 15 22:04:48 2024
Overall wall time measurements in seconds: 1733.46
    time to mesh and initialize: 1.20546
    time to run FDTD simulation: 1730.66
    time to checkpoint simulation: 0
    time to finalize data and save to files: 0.0805613
    miscellaneous time: 1.51347
    FDTD solver speed on process 0: 15.785 Mnodes/s
    total FDTD solver speed on 4 processes: 63.1399 Mnodes/s
